15:48:11 INFO  : Registering command handlers for SDK TCF services
15:48:18 INFO  : Launching XSCT server: xsct.bat -interactive C:\Users\Administrator\Desktop\zynq_Learn\vivado2017.4\lab\lab_1\lab_1.sdk\temp_xsdb_launch_script.tcl
15:48:44 INFO  : XSCT server has started successfully.
15:49:05 INFO  : Successfully done setting XSCT server connection channel  
15:49:05 INFO  : Successfully done setting SDK workspace  
15:49:05 INFO  : Processing command line option -hwspec C:/Users/Administrator/Desktop/zynq_Learn/vivado2017.4/lab/lab_1/lab_1.sdk/design_1_wrapper.hdf.
16:08:47 INFO  : Connected to target on host '127.0.0.1' and port '3121'.
16:08:59 INFO  : 'targets -set -filter {jtag_cable_name =~ "Digilent JTAG-HS2 210249854606A" && level==0} -index 1' command is executed.
16:09:03 INFO  : FPGA configured successfully with bitstream "C:/Users/Administrator/Desktop/zynq_Learn/vivado2017.4/lab/lab_1/lab_1.sdk/design_1_wrapper_hw_platform_0/design_1_wrapper.bit"
16:09:29 INFO  : 'targets -set -filter {jtag_cable_name =~ "Digilent JTAG-HS2 210249854606A" && level==0} -index 1' command is executed.
16:09:29 INFO  : 'fpga -state' command is executed.
16:09:29 INFO  : Connected to target on host '127.0.0.1' and port '3121'.
16:09:42 INFO  : Jtag cable 'Digilent JTAG-HS2 210249854606A' is selected.
16:09:42 INFO  : 'jtag frequency' command is executed.
16:09:42 INFO  : Sourcing of 'C:/Users/Administrator/Desktop/zynq_Learn/vivado2017.4/lab/lab_1/lab_1.sdk/design_1_wrapper_hw_platform_0/ps7_init.tcl' is done.
16:09:42 INFO  : Context for 'APU' is selected.
16:09:43 INFO  : Hardware design information is loaded from 'C:/Users/Administrator/Desktop/zynq_Learn/vivado2017.4/lab/lab_1/lab_1.sdk/design_1_wrapper_hw_platform_0/system.hdf'.
16:09:43 INFO  : 'configparams force-mem-access 1' command is executed.
16:09:43 INFO  : Context for 'APU' is selected.
16:09:43 INFO  : 'stop' command is executed.
16:09:43 INFO  : 'ps7_init' command is executed.
16:09:43 INFO  : 'ps7_post_config' command is executed.
16:09:43 INFO  : 'configparams force-mem-access 0' command is executed.
16:09:43 INFO  : ----------------XSDB Script----------------
connect -url tcp:127.0.0.1:3121
source C:/Users/Administrator/Desktop/zynq_Learn/vivado2017.4/lab/lab_1/lab_1.sdk/design_1_wrapper_hw_platform_0/ps7_init.tcl
targets -set -nocase -filter {name =~"APU*" && jtag_cable_name =~ "Digilent JTAG-HS2 210249854606A"} -index 0
loadhw -hw C:/Users/Administrator/Desktop/zynq_Learn/vivado2017.4/lab/lab_1/lab_1.sdk/design_1_wrapper_hw_platform_0/system.hdf -mem-ranges [list {0x40000000 0xbfffffff}]
configparams force-mem-access 1
targets -set -nocase -filter {name =~"APU*" && jtag_cable_name =~ "Digilent JTAG-HS2 210249854606A"} -index 0
stop
ps7_init
ps7_post_config
configparams force-mem-access 0
----------------End of Script----------------

16:09:45 INFO  : Memory regions updated for context APU
16:09:45 INFO  : Launch script is exported to file 'C:\Users\Administrator\Desktop\zynq_Learn\vivado2017.4\lab\lab_1\lab_1.sdk\.sdk\launch_scripts\xilinx_c-c++_application_(system_debugger)\system_debugger_using_debug_lab1.elf_on_local.tcl'
16:14:24 INFO  : Connected to target on host '127.0.0.1' and port '3121'.
16:14:27 INFO  : 'targets -set -filter {jtag_cable_name =~ "Digilent JTAG-HS2 210249854606A" && level==0} -index 1' command is executed.
16:14:31 INFO  : FPGA configured successfully with bitstream "C:/Users/Administrator/Desktop/zynq_Learn/vivado2017.4/lab/lab_1/lab_1.sdk/design_1_wrapper_hw_platform_0/design_1_wrapper.bit"
16:14:46 INFO  : Disconnected from the channel tcfchan#1.
16:14:50 INFO  : 'targets -set -filter {jtag_cable_name =~ "Digilent JTAG-HS2 210249854606A" && level==0} -index 1' command is executed.
16:14:50 INFO  : 'fpga -state' command is executed.
16:14:50 INFO  : Connected to target on host '127.0.0.1' and port '3121'.
16:15:09 INFO  : Jtag cable 'Digilent JTAG-HS2 210249854606A' is selected.
16:15:09 INFO  : 'jtag frequency' command is executed.
16:15:09 INFO  : Sourcing of 'C:/Users/Administrator/Desktop/zynq_Learn/vivado2017.4/lab/lab_1/lab_1.sdk/design_1_wrapper_hw_platform_0/ps7_init.tcl' is done.
16:15:09 INFO  : Context for 'APU' is selected.
16:15:14 INFO  : Hardware design information is loaded from 'C:/Users/Administrator/Desktop/zynq_Learn/vivado2017.4/lab/lab_1/lab_1.sdk/design_1_wrapper_hw_platform_0/system.hdf'.
16:15:14 INFO  : 'configparams force-mem-access 1' command is executed.
16:15:14 INFO  : Context for 'APU' is selected.
16:15:15 INFO  : 'stop' command is executed.
16:15:15 INFO  : 'ps7_init' command is executed.
16:15:15 INFO  : 'ps7_post_config' command is executed.
16:15:15 INFO  : Context for processor 'ps7_cortexa9_0' is selected.
16:15:15 INFO  : Processor reset is completed for 'ps7_cortexa9_0'.
16:15:15 INFO  : Context for processor 'ps7_cortexa9_0' is selected.
16:15:16 INFO  : The application 'C:/Users/Administrator/Desktop/zynq_Learn/vivado2017.4/lab/lab_1/lab_1.sdk/lab1/Debug/lab1.elf' is downloaded to processor 'ps7_cortexa9_0'.
16:15:16 INFO  : 'configparams force-mem-access 0' command is executed.
16:15:16 INFO  : ----------------XSDB Script----------------
connect -url tcp:127.0.0.1:3121
source C:/Users/Administrator/Desktop/zynq_Learn/vivado2017.4/lab/lab_1/lab_1.sdk/design_1_wrapper_hw_platform_0/ps7_init.tcl
targets -set -nocase -filter {name =~"APU*" && jtag_cable_name =~ "Digilent JTAG-HS2 210249854606A"} -index 0
loadhw -hw C:/Users/Administrator/Desktop/zynq_Learn/vivado2017.4/lab/lab_1/lab_1.sdk/design_1_wrapper_hw_platform_0/system.hdf -mem-ranges [list {0x40000000 0xbfffffff}]
configparams force-mem-access 1
targets -set -nocase -filter {name =~"APU*" && jtag_cable_name =~ "Digilent JTAG-HS2 210249854606A"} -index 0
stop
ps7_init
ps7_post_config
targets -set -nocase -filter {name =~ "ARM*#0" && jtag_cable_name =~ "Digilent JTAG-HS2 210249854606A"} -index 0
rst -processor
targets -set -nocase -filter {name =~ "ARM*#0" && jtag_cable_name =~ "Digilent JTAG-HS2 210249854606A"} -index 0
dow C:/Users/Administrator/Desktop/zynq_Learn/vivado2017.4/lab/lab_1/lab_1.sdk/lab1/Debug/lab1.elf
configparams force-mem-access 0
----------------End of Script----------------

16:15:16 INFO  : Memory regions updated for context APU
16:15:16 INFO  : Context for processor 'ps7_cortexa9_0' is selected.
16:15:16 INFO  : 'con' command is executed.
16:15:16 INFO  : ----------------XSDB Script (After Launch)----------------
targets -set -nocase -filter {name =~ "ARM*#0" && jtag_cable_name =~ "Digilent JTAG-HS2 210249854606A"} -index 0
con
----------------End of Script----------------

16:15:16 INFO  : Launch script is exported to file 'C:\Users\Administrator\Desktop\zynq_Learn\vivado2017.4\lab\lab_1\lab_1.sdk\.sdk\launch_scripts\xilinx_c-c++_application_(system_debugger)\system_debugger_using_debug_lab1.elf_on_local.tcl'
16:16:57 INFO  : Disconnected from the channel tcfchan#2.
